[2025-10-27T02:25:40Z] === Environment ===
[2025-10-27T02:25:40Z] {
  "python": "3.12.3 (main, Jun  4 2024, 16:53:53) [GCC 12.2.0]",
  "executable": "/nfs/site/home/jdcruzlo/keyring-env/bin/python",
  "platform": "Linux-4.12.14-122.255-default-x86_64-with-glibc2.22",
  "uname": {
    "system": "Linux",
    "node": "scce01120103",
    "release": "4.12.14-122.255-default",
    "version": "#1 SMP Mon Apr 7 18:39:14 UTC 2025 (9096f7f/lp-70c77c6)",
    "machine": "x86_64"
  },
  "cwd": "/nfs/site/home/jdcruzlo/work",
  "PATH_contains_keyring": true,
  "which_keyring": "/nfs/site/home/jdcruzlo/keyring-env/bin/keyring"
}
[2025-10-27T02:25:40Z] Env vars (masked): {
  "PYTHON_KEYRING_BACKEND": null,
  "PYTHON_KEYRING_PASSWORD": "",
  "KEYRING_CRYPTFILE_PASSWORD": "",
  "KEYRING_PASS": "",
  "KEYRING_CRYPTFILE_PATH": null,
  "HOME": "/nfs/site/home/jdcruzlo"
}
[2025-10-27T02:25:40Z] Applied master password from --master (masked): **********68
[2025-10-27T02:25:40Z] === Python packages / backend ===
[2025-10-27T02:25:40Z] {
  "keyring_version": "unknown",
  "keyrings.alt_version": "unknown",
  "backend_str": "keyrings.alt.file.EncryptedKeyring (priority: 0.6)",
  "backend_class": "EncryptedKeyring",
  "crypto_modules": {
    "Cryptodome": true,
    "Crypto": "missing: No module named 'Crypto'"
  }
}
[2025-10-27T02:25:40Z] === keyringrc.cfg ===
[2025-10-27T02:25:40Z] keyringrc.cfg path: /nfs/site/home/jdcruzlo/.config/python_keyring/keyringrc.cfg
[backend]
default-keyring=keyrings.alt.file.EncryptedKeyring

[2025-10-27T02:25:40Z] === Encrypted key file ===
[2025-10-27T02:25:40Z] Crypt path (resolved): /nfs/site/home/jdcruzlo/.local/share/python_keyring/crypted_pass.cfg
[2025-10-27T02:25:40Z] Crypt file perms: 0o600
[2025-10-27T02:25:40Z] Parent perms: 0o750
[2025-10-27T02:25:40Z] === Python API test ===
[2025-10-27T02:25:49Z] Python get_password(service=sc, user=remadm) -> FOUND (length=11)
[2025-10-27T02:25:49Z] === CLI tests ===
[2025-10-27T02:25:49Z] CLI list-backends -> status=ok rc=0
keyrings.alt.file.PlaintextKeyring (priority: 0.5)
keyring.backends.fail.Keyring (priority: 0)
keyring.backends.chainer.ChainerBackend (priority: 10)
keyrings.alt.file.EncryptedKeyring (priority: 0.6)

[2025-10-27T02:25:52Z] CLI get (sc, remadm) -> status=timeout rc=None

[2025-10-27T02:25:52Z] Interpretation: CLI likely prompting for master password (or hanging).
